Arguments: 
  /home/anthony/.nvm/versions/node/v12.19.0/bin/node /usr/share/yarn/bin/yarn.js

PATH: 
  /home/anthony/bin:/home/anthony/.nvm/versions/node/v12.19.0/bin:/home/anthony/bin:/usr/local/sbin:/usr/local/bin:/usr/sbin:/usr/bin:/sbin:/bin:/usr/games:/usr/local/games:/snap/bin:/home/anthony/.dotnet/tools:/home/anthony/bin:/home/anthony/Android/Sdk/emulator:/home/anthony/Android/Sdk/tools:/home/anthony/Android/Sdk/tools/bin:/home/anthony/Android/Sdk/platform-tools:/home/anthony/.config/composer/vendor/bin:/home/anthony/.dotnet/tools:/home/anthony/bin:/home/anthony/Android/Sdk/emulator:/home/anthony/Android/Sdk/tools:/home/anthony/Android/Sdk/tools/bin:/home/anthony/Android/Sdk/platform-tools:/home/anthony/.config/composer/vendor/bin

Yarn version: 
  1.22.5

Node version: 
  12.19.0

Platform: 
  linux x64

Trace: 
  SyntaxError: /var/www/html/wp/wp-content/plugins/mailchimp-direct/package.json: Unexpected token } in JSON at position 1087
      at JSON.parse (<anonymous>)
      at /usr/share/yarn/lib/cli.js:1625:59
      at Generator.next (<anonymous>)
      at step (/usr/share/yarn/lib/cli.js:310:30)
      at /usr/share/yarn/lib/cli.js:321:13

npm manifest: 
  {
    "name": "glma-maps-cgb-guten-block",
    "version": "1.0.0",
    "private": true,
    "scripts": {
      "build-client": "webpack --env=client --mode production --config ./webpack.prod.js",
      "dev-client": "webpack --env=client --mode development --watch",
      "build-admin": "webpack  --env=admin --config ./webpack.prod.js && gulp",
      "dev-admin": "webpack --env=admin --mode development --watch"
    },
    "dependencies": {
      "@svgr/webpack": "^5.4.0",
      "antd": "^4.8.2",
      "axios": "^0.21.0",
      "clean-webpack-plugin": "^3.0.0",
      "compression-webpack-plugin": "^6.1.1",
      "css-loader": "^5.0.1",
      "file-loader": "^6.2.0",
      "gulp": "^4.0.2",
      "gulp-clean-css": "^4.3.0",
      "lodash": "^4.17.20",
      "mini-css-extract-plugin": "^1.3.1",
      "node-sass": "^5.0.0",
      "qs": "^6.9.4",
      "react": "^17.0.1",
      "react-dom": "^17.0.1",
      "react-google-login": "^5.1.25",
      "react-redux": "^7.2.2",
      "react-router-dom": "^5.2.0",
      "recoil": "^0.1.2",
      "style-loader": "^2.0.0",
      "svg-url-loader": "^6.0.0",
      "terser-webpack-plugin": "^5.0.3",
    },
    "devDependencies": {
      "@babel/core": "^7.12.3",
      "@babel/preset-env": "^7.12.1",
      "@babel/preset-react": "^7.12.5",
      "babel-loader": "^8.2.1",
      "browser-sync": "^2.26.13",
      "clean-css-cli": "^4.3.0",
      "sass": "^1.29.0",
      "sass-loader": "^10.1.0",
      "webpack": "^5.4.0",
      "webpack-cli": "^4.2.0",
      "webpack-stream": "^6.1.0"
    }
  }

yarn manifest: 
  No manifest

Lockfile: 
  No lockfile
